c:\users\poi\desktop\sample\samplefreeglut\debug\vc140.pdb
c:\users\poi\desktop\sample\samplefreeglut\debug\vc140.idb
c:\users\poi\desktop\sample\samplefreeglut\debug\sample.nativecodeanalysis.xml
c:\users\poi\desktop\sample\samplefreeglut\debug\sample.obj
c:\users\poi\desktop\sample\samplefreeglut\debug\sample.exe
c:\users\poi\desktop\sample\samplefreeglut\debug\sample.pdb
c:\users\poi\documents\github\cs450_project4\sample\samplefreeglut\debug\sample.obj
c:\users\poi\documents\github\cs450_project4\sample\samplefreeglut\debug\nativecodeanalysis.read.1.tlog
c:\users\poi\documents\github\cs450_project4\sample\samplefreeglut\debug\vc140.idb
c:\users\poi\documents\github\cs450_project4\sample\samplefreeglut\debug\sample.pdb
c:\users\poi\documents\github\cs450_project4\sample\samplefreeglut\debug\vc140.pdb
c:\users\poi\documents\github\cs450_project4\sample\samplefreeglut\debug\sample.nativecodeanalysis.xml
c:\users\poi\documents\github\cs450_project4\sample\samplefreeglut\debug\vc.nativecodeanalysis.all.xml
c:\users\poi\documents\github\cs450_project4\sample\samplefreeglut\.\debug\sample.exe
c:\users\poi\documents\github\cs450_project4\sample\samplefreeglut\debug\sample.tlog\cl.command.1.tlog
c:\users\poi\documents\github\cs450_project4\sample\samplefreeglut\debug\sample.tlog\cl.read.1.tlog
c:\users\poi\documents\github\cs450_project4\sample\samplefreeglut\debug\sample.tlog\cl.write.1.tlog
c:\users\poi\documents\github\cs450_project4\sample\samplefreeglut\debug\sample.tlog\link.command.1.tlog
c:\users\poi\documents\github\cs450_project4\sample\samplefreeglut\debug\sample.tlog\link.read.1.tlog
c:\users\poi\documents\github\cs450_project4\sample\samplefreeglut\debug\sample.tlog\link.write.1.tlog
