  glslprogram.cpp
c:\users\poi\documents\github\cs450_project4\sample\samplefreeglut\glslprogram.cpp(271): warning C4996: 'fopen': This function or variable may be unsafe. Consider using fopen_s instead. To disable deprecation, use _CRT_SECURE_NO_WARNINGS. See online help for details.
  c:\program files (x86)\windows kits\10\include\10.0.10240.0\ucrt\stdio.h(205): note: see declaration of 'fopen'
c:\users\poi\documents\github\cs450_project4\sample\samplefreeglut\glslprogram.cpp(325): warning C4996: 'fopen': This function or variable may be unsafe. Consider using fopen_s instead. To disable deprecation, use _CRT_SECURE_NO_WARNINGS. See online help for details.
  c:\program files (x86)\windows kits\10\include\10.0.10240.0\ucrt\stdio.h(205): note: see declaration of 'fopen'
c:\users\poi\documents\github\cs450_project4\sample\samplefreeglut\glslprogram.cpp(794): warning C4996: 'fopen': This function or variable may be unsafe. Consider using fopen_s instead. To disable deprecation, use _CRT_SECURE_NO_WARNINGS. See online help for details.
  c:\program files (x86)\windows kits\10\include\10.0.10240.0\ucrt\stdio.h(205): note: see declaration of 'fopen'
c:\users\poi\documents\github\cs450_project4\sample\samplefreeglut\glslprogram.cpp(809): warning C4996: 'fopen': This function or variable may be unsafe. Consider using fopen_s instead. To disable deprecation, use _CRT_SECURE_NO_WARNINGS. See online help for details.
  c:\program files (x86)\windows kits\10\include\10.0.10240.0\ucrt\stdio.h(205): note: see declaration of 'fopen'
  sample.cpp
c:\users\poi\documents\github\cs450_project4\sample\samplefreeglut\sphere.h(59): warning C4244: 'initializing': conversion from 'double' to 'float', possible loss of data
c:\users\poi\documents\github\cs450_project4\sample\samplefreeglut\sphere.h(64): warning C4244: 'initializing': conversion from 'double' to 'float', possible loss of data
c:\users\poi\documents\github\cs450_project4\sample\samplefreeglut\sphere.h(74): warning C4244: '=': conversion from 'double' to 'float', possible loss of data
c:\users\poi\documents\github\cs450_project4\sample\samplefreeglut\sphere.h(75): warning C4244: '=': conversion from 'double' to 'float', possible loss of data
c:\users\poi\documents\github\cs450_project4\sample\samplefreeglut\sphere.h(91): warning C4305: 'argument': truncation from 'double' to 'GLfloat'
c:\users\poi\documents\github\cs450_project4\sample\samplefreeglut\sphere.h(111): warning C4305: 'argument': truncation from 'double' to 'GLfloat'
c:\users\poi\documents\github\cs450_project4\sample\samplefreeglut\sphere.h(132): warning C4305: 'argument': truncation from 'double' to 'GLfloat'
  Generating Code...
glslprogram.obj : warning LNK4075: ignoring '/EDITANDCONTINUE' due to '/OPT:LBR' specification
  Sample.vcxproj -> C:\Users\Poi\Documents\GitHub\CS450_Project4\Sample\SampleFreeGlut\.\Debug\Sample.exe
